  [1m[35m (30.8ms)[0m  [1m[35mCREATE TABLE "schema_migrations" ("version" character varying NOT NULL PRIMARY KEY)[0m
  [1m[35m (31.8ms)[0m  [1m[35mCREATE TABLE "ar_internal_metadata" ("key" character varying NOT NULL PRIMARY KEY, "value" character varying, "created_at" timestamp NOT NULL, "updated_at" timestamp NOT NULL)[0m
  [1m[35m (3.0ms)[0m  [1m[34mSELECT pg_try_advisory_lock(1349340823918032855)[0m
  [1m[35m (1.2ms)[0m  [1m[34mSELECT "schema_migrations"."version" FROM "schema_migrations" ORDER BY "schema_migrations"."version" ASC[0m
Migrating to CreateUsers (20191020205056)
  [1m[35m (24.2ms)[0m  [1m[35mBEGIN[0m
  [1m[35m (38.0ms)[0m  [1m[35mCREATE TABLE "users" ("id" bigserial primary key, "fb_access_token" character varying, "first_name" character varying, "last_name" character varying, "created_at" timestamp NOT NULL, "updated_at" timestamp NOT NULL)[0m
  [1m[35mSQL (4.3ms)[0m  [1m[32mINSERT INTO "schema_migrations" ("version") VALUES ($1) RETURNING "version"[0m  [["version", "20191020205056"]]
  [1m[35m (0.9ms)[0m  [1m[35mCOMMIT[0m
Migrating to CreateStations (20191020205309)
  [1m[35m (40.9ms)[0m  [1m[35mBEGIN[0m
  [1m[35m (8.9ms)[0m  [1m[35mCREATE TABLE "stations" ("id" bigserial primary key, "name" character varying, "longitude" float, "latitude" float, "introduction" text, "created_at" timestamp NOT NULL, "updated_at" timestamp NOT NULL)[0m
  [1m[35mSQL (0.3ms)[0m  [1m[32mINSERT INTO "schema_migrations" ("version") VALUES ($1) RETURNING "version"[0m  [["version", "20191020205309"]]
  [1m[35m (0.5ms)[0m  [1m[35mCOMMIT[0m
Migrating to CreateMemes (20191020205517)
  [1m[35m (40.7ms)[0m  [1m[35mBEGIN[0m
  [1m[35m (12.2ms)[0m  [1m[35mCREATE TABLE "memes" ("id" bigserial primary key, "station_id" bigint, "user_id" bigint, "post_time" timestamp, "e1_like" integer, "e2_like" integer, "e3_like" integer, "e4_like" integer, "image_url" character varying, "created_at" timestamp NOT NULL, "updated_at" timestamp NOT NULL, CONSTRAINT "fk_rails_fe0c1d3c1a"
FOREIGN KEY ("station_id")
  REFERENCES "stations" ("id")
, CONSTRAINT "fk_rails_0dd3229ca9"
FOREIGN KEY ("user_id")
  REFERENCES "users" ("id")
)[0m
  [1m[35m (1.8ms)[0m  [1m[35mCREATE  INDEX  "index_memes_on_station_id" ON "memes"  ("station_id")[0m
  [1m[35m (1.1ms)[0m  [1m[35mCREATE  INDEX  "index_memes_on_user_id" ON "memes"  ("user_id")[0m
  [1m[35mSQL (0.3ms)[0m  [1m[32mINSERT INTO "schema_migrations" ("version") VALUES ($1) RETURNING "version"[0m  [["version", "20191020205517"]]
  [1m[35m (0.6ms)[0m  [1m[35mCOMMIT[0m
  [1m[36mActiveRecord::InternalMetadata Load (0.3ms)[0m  [1m[34mSELECT  "ar_internal_metadata".* FROM "ar_internal_metadata" WHERE "ar_internal_metadata"."key" = $1 LIMIT $2[0m  [["key", "environment"], ["LIMIT", 1]]
  [1m[35m (0.1ms)[0m  [1m[35mBEGIN[0m
  [1m[35mSQL (1.8ms)[0m  [1m[32mINSERT INTO "ar_internal_metadata" ("key", "value", "created_at", "updated_at") VALUES ($1, $2, $3, $4) RETURNING "key"[0m  [["key", "environment"], ["value", "development"], ["created_at", "2019-10-20 20:55:43.652896"], ["updated_at", "2019-10-20 20:55:43.652896"]]
  [1m[35m (0.5ms)[0m  [1m[35mCOMMIT[0m
  [1m[35m (0.2ms)[0m  [1m[34mSELECT pg_advisory_unlock(1349340823918032855)[0m
  [1m[35m (0.4ms)[0m  [1m[34mSELECT "schema_migrations"."version" FROM "schema_migrations" ORDER BY "schema_migrations"."version" ASC[0m
  [1m[35m (0.2ms)[0m  [1m[34mSELECT pg_try_advisory_lock(1349340823918032855)[0m
  [1m[35m (0.6ms)[0m  [1m[34mSELECT "schema_migrations"."version" FROM "schema_migrations" ORDER BY "schema_migrations"."version" ASC[0m
Migrating to SetDefaultLikeValues (20191020210038)
  [1m[35m (0.2ms)[0m  [1m[35mBEGIN[0m
  [1m[35m (43.0ms)[0m  [1m[35mALTER TABLE "memes" ALTER COLUMN "e1_like" TYPE integer[0m
  [1m[35m (1.3ms)[0m  [1m[35mALTER TABLE "memes" ALTER COLUMN "e1_like" SET DEFAULT 0[0m
  [1m[35m (0.5ms)[0m  [1m[35mALTER TABLE "memes" ALTER COLUMN "e2_like" TYPE integer[0m
  [1m[35m (0.4ms)[0m  [1m[35mALTER TABLE "memes" ALTER COLUMN "e2_like" SET DEFAULT 0[0m
  [1m[35m (0.2ms)[0m  [1m[35mALTER TABLE "memes" ALTER COLUMN "e3_like" TYPE integer[0m
  [1m[35m (3.1ms)[0m  [1m[35mALTER TABLE "memes" ALTER COLUMN "e3_like" SET DEFAULT 0[0m
  [1m[35m (0.7ms)[0m  [1m[35mALTER TABLE "memes" ALTER COLUMN "e4_like" TYPE integer[0m
  [1m[35m (0.3ms)[0m  [1m[35mALTER TABLE "memes" ALTER COLUMN "e4_like" SET DEFAULT 0[0m
  [1m[35mSQL (0.4ms)[0m  [1m[32mINSERT INTO "schema_migrations" ("version") VALUES ($1) RETURNING "version"[0m  [["version", "20191020210038"]]
  [1m[35m (0.6ms)[0m  [1m[35mCOMMIT[0m
  [1m[36mActiveRecord::InternalMetadata Load (1.0ms)[0m  [1m[34mSELECT  "ar_internal_metadata".* FROM "ar_internal_metadata" WHERE "ar_internal_metadata"."key" = $1 LIMIT $2[0m  [["key", "environment"], ["LIMIT", 1]]
  [1m[35m (0.2ms)[0m  [1m[35mBEGIN[0m
  [1m[35m (0.1ms)[0m  [1m[35mCOMMIT[0m
  [1m[35m (0.2ms)[0m  [1m[34mSELECT pg_advisory_unlock(1349340823918032855)[0m
  [1m[35m (0.3ms)[0m  [1m[34mSELECT "schema_migrations"."version" FROM "schema_migrations" ORDER BY "schema_migrations"."version" ASC[0m
Started GET "/" for ::1 at 2019-10-20 17:03:40 -0400
  [1m[35m (0.8ms)[0m  [1m[34mSELECT "schema_migrations"."version" FROM "schema_migrations" ORDER BY "schema_migrations"."version" ASC[0m
Processing by Rails::WelcomeController#index as HTML
  Rendering /Users/chelsea/.rvm/gems/ruby-2.4.1/gems/railties-5.1.7/lib/rails/templates/rails/welcome/index.html.erb
  Rendered /Users/chelsea/.rvm/gems/ruby-2.4.1/gems/railties-5.1.7/lib/rails/templates/rails/welcome/index.html.erb (4.6ms)
Completed 200 OK in 22ms (Views: 13.4ms | ActiveRecord: 0.0ms)


  [1m[35m (3.2ms)[0m  [1m[34mSELECT "schema_migrations"."version" FROM "schema_migrations" ORDER BY "schema_migrations"."version" ASC[0m
  [1m[35m (0.1ms)[0m  [1m[35mBEGIN[0m
  [1m[36mUser Exists (40.7ms)[0m  [1m[34mSELECT  1 AS one FROM "users" WHERE LOWER("users"."fb_access_token") = LOWER($1) LIMIT $2[0m  [["fb_access_token", "fbToken111"], ["LIMIT", 1]]
  [1m[35mSQL (2.5ms)[0m  [1m[32mINSERT INTO "users" ("fb_access_token", "first_name", "last_name", "created_at", "updated_at") VALUES ($1, $2, $3, $4, $5) RETURNING "id"[0m  [["fb_access_token", "fbToken111"], ["first_name", "Roxanne"], ["last_name", "Zhang"], ["created_at", "2019-10-21 01:16:48.229976"], ["updated_at", "2019-10-21 01:16:48.229976"]]
  [1m[35m (1.1ms)[0m  [1m[35mCOMMIT[0m
  [1m[35m (0.2ms)[0m  [1m[35mBEGIN[0m
  [1m[36mUser Exists (0.3ms)[0m  [1m[34mSELECT  1 AS one FROM "users" WHERE LOWER("users"."fb_access_token") = LOWER($1) LIMIT $2[0m  [["fb_access_token", "fbToken222"], ["LIMIT", 1]]
  [1m[35mSQL (0.2ms)[0m  [1m[32mINSERT INTO "users" ("fb_access_token", "first_name", "last_name", "created_at", "updated_at") VALUES ($1, $2, $3, $4, $5) RETURNING "id"[0m  [["fb_access_token", "fbToken222"], ["first_name", "Cindy"], ["last_name", "Liu"], ["created_at", "2019-10-21 01:16:48.236642"], ["updated_at", "2019-10-21 01:16:48.236642"]]
  [1m[35m (0.4ms)[0m  [1m[35mCOMMIT[0m
  [1m[35m (0.1ms)[0m  [1m[35mBEGIN[0m
  [1m[36mUser Exists (0.2ms)[0m  [1m[34mSELECT  1 AS one FROM "users" WHERE LOWER("users"."fb_access_token") = LOWER($1) LIMIT $2[0m  [["fb_access_token", "fbToken333"], ["LIMIT", 1]]
  [1m[35mSQL (0.2ms)[0m  [1m[32mINSERT INTO "users" ("fb_access_token", "first_name", "last_name", "created_at", "updated_at") VALUES ($1, $2, $3, $4, $5) RETURNING "id"[0m  [["fb_access_token", "fbToken333"], ["first_name", "Chelsea"], ["last_name", "Cui"], ["created_at", "2019-10-21 01:16:48.238839"], ["updated_at", "2019-10-21 01:16:48.238839"]]
  [1m[35m (0.3ms)[0m  [1m[35mCOMMIT[0m
  [1m[35m (0.1ms)[0m  [1m[35mBEGIN[0m
  [1m[35mSQL (20.3ms)[0m  [1m[32mINSERT INTO "stations" ("name", "longitude", "latitude", "introduction", "created_at", "updated_at") VALUES ($1, $2, $3, $4, $5, $6) RETURNING "id"[0m  [["name", "iNoodle"], ["longitude", 40.4433813], ["latitude", -79.9455855], ["introduction", "iNoodle aaa bbb cccccc ddd"], ["created_at", "2019-10-21 01:16:48.248918"], ["updated_at", "2019-10-21 01:16:48.248918"]]
  [1m[35m (0.6ms)[0m  [1m[35mCOMMIT[0m
  [1m[35m (0.2ms)[0m  [1m[35mBEGIN[0m
  [1m[35mSQL (0.3ms)[0m  [1m[32mINSERT INTO "stations" ("name", "longitude", "latitude", "introduction", "created_at", "updated_at") VALUES ($1, $2, $3, $4, $5, $6) RETURNING "id"[0m  [["name", "Underground"], ["longitude", 40.4454289], ["latitude", -79.9431901], ["introduction", "underground aaa bbb cccccc ddd"], ["created_at", "2019-10-21 01:16:48.271603"], ["updated_at", "2019-10-21 01:16:48.271603"]]
  [1m[35m (0.4ms)[0m  [1m[35mCOMMIT[0m
  [1m[35m (0.1ms)[0m  [1m[35mBEGIN[0m
  [1m[35mSQL (0.3ms)[0m  [1m[32mINSERT INTO "stations" ("name", "longitude", "latitude", "introduction", "created_at", "updated_at") VALUES ($1, $2, $3, $4, $5, $6) RETURNING "id"[0m  [["name", "Hunt"], ["longitude", 40.4411172], ["latitude", -79.943736], ["introduction", "Hunt aaa bbb cccccc ddd"], ["created_at", "2019-10-21 01:16:48.273742"], ["updated_at", "2019-10-21 01:16:48.273742"]]
  [1m[35m (0.4ms)[0m  [1m[35mCOMMIT[0m
  [1m[35m (0.1ms)[0m  [1m[35mBEGIN[0m
  [1m[35mSQL (31.3ms)[0m  [1m[32mINSERT INTO "memes" ("station_id", "user_id", "post_time", "image_url", "created_at", "updated_at") VALUES ($1, $2, $3, $4, $5, $6) RETURNING "id"[0m  [["station_id", 1], ["user_id", 1], ["post_time", "2019-10-20 04:00:00"], ["image_url", "www.meme1.com"], ["created_at", "2019-10-21 01:16:48.297097"], ["updated_at", "2019-10-21 01:16:48.297097"]]
  [1m[35m (0.5ms)[0m  [1m[35mCOMMIT[0m
  [1m[35m (0.2ms)[0m  [1m[35mBEGIN[0m
  [1m[35mSQL (0.5ms)[0m  [1m[32mINSERT INTO "memes" ("station_id", "user_id", "post_time", "e1_like", "e2_like", "image_url", "created_at", "updated_at") VALUES ($1, $2, $3, $4, $5, $6, $7, $8) RETURNING "id"[0m  [["station_id", 1], ["user_id", 3], ["post_time", "2019-10-10 04:00:00"], ["e1_like", 1], ["e2_like", 1], ["image_url", "www.meme2.com"], ["created_at", "2019-10-21 01:16:48.331068"], ["updated_at", "2019-10-21 01:16:48.331068"]]
  [1m[35m (0.4ms)[0m  [1m[35mCOMMIT[0m
  [1m[35m (0.1ms)[0m  [1m[35mBEGIN[0m
  [1m[35mSQL (0.4ms)[0m  [1m[32mINSERT INTO "memes" ("station_id", "user_id", "post_time", "e1_like", "e2_like", "image_url", "created_at", "updated_at") VALUES ($1, $2, $3, $4, $5, $6, $7, $8) RETURNING "id"[0m  [["station_id", 1], ["user_id", 2], ["post_time", "2019-09-30 04:00:00"], ["e1_like", 3], ["e2_like", 5], ["image_url", "www.meme3.com"], ["created_at", "2019-10-21 01:16:48.333592"], ["updated_at", "2019-10-21 01:16:48.333592"]]
  [1m[35m (0.4ms)[0m  [1m[35mCOMMIT[0m
  [1m[35m (0.1ms)[0m  [1m[35mBEGIN[0m
  [1m[35mSQL (0.3ms)[0m  [1m[32mINSERT INTO "memes" ("station_id", "user_id", "post_time", "image_url", "created_at", "updated_at") VALUES ($1, $2, $3, $4, $5, $6) RETURNING "id"[0m  [["station_id", 3], ["user_id", 3], ["post_time", "2019-10-20 04:00:00"], ["image_url", "www.meme4.com"], ["created_at", "2019-10-21 01:16:48.335859"], ["updated_at", "2019-10-21 01:16:48.335859"]]
  [1m[35m (0.4ms)[0m  [1m[35mCOMMIT[0m
  [1m[36mUser Load (0.3ms)[0m  [1m[34mSELECT  "users".* FROM "users" LIMIT $1[0m  [["LIMIT", 11]]
Started GET "/" for ::1 at 2019-10-20 21:17:19 -0400
  [1m[35m (0.7ms)[0m  [1m[34mSELECT "schema_migrations"."version" FROM "schema_migrations" ORDER BY "schema_migrations"."version" ASC[0m
Processing by Rails::WelcomeController#index as HTML
  Rendering /Users/chelsea/.rvm/gems/ruby-2.4.1/gems/railties-5.1.7/lib/rails/templates/rails/welcome/index.html.erb
  Rendered /Users/chelsea/.rvm/gems/ruby-2.4.1/gems/railties-5.1.7/lib/rails/templates/rails/welcome/index.html.erb (4.0ms)
Completed 200 OK in 18ms (Views: 11.4ms | ActiveRecord: 0.0ms)


Started GET "/users" for ::1 at 2019-10-20 21:17:23 -0400
  
ActionController::RoutingError (No route matches [GET] "/users"):
  
actionpack (5.1.7) lib/action_dispatch/middleware/debug_exceptions.rb:63:in `call'
web-console (3.7.0) lib/web_console/middleware.rb:135:in `call_app'
web-console (3.7.0) lib/web_console/middleware.rb:30:in `block in call'
web-console (3.7.0) lib/web_console/middleware.rb:20:in `catch'
web-console (3.7.0) lib/web_console/middleware.rb:20:in `call'
actionpack (5.1.7) lib/action_dispatch/middleware/show_exceptions.rb:31:in `call'
railties (5.1.7) lib/rails/rack/logger.rb:36:in `call_app'
railties (5.1.7) lib/rails/rack/logger.rb:24:in `block in call'
activesupport (5.1.7) lib/active_support/tagged_logging.rb:69:in `block in tagged'
activesupport (5.1.7) lib/active_support/tagged_logging.rb:26:in `tagged'
activesupport (5.1.7) lib/active_support/tagged_logging.rb:69:in `tagged'
railties (5.1.7) lib/rails/rack/logger.rb:24:in `call'
sprockets-rails (3.2.1) lib/sprockets/rails/quiet_assets.rb:13:in `call'
actionpack (5.1.7) lib/action_dispatch/middleware/remote_ip.rb:79:in `call'
actionpack (5.1.7) lib/action_dispatch/middleware/request_id.rb:25:in `call'
rack (2.0.7) lib/rack/method_override.rb:22:in `call'
rack (2.0.7) lib/rack/runtime.rb:22:in `call'
activesupport (5.1.7) lib/active_support/cache/strategy/local_cache_middleware.rb:27:in `call'
actionpack (5.1.7) lib/action_dispatch/middleware/executor.rb:12:in `call'
actionpack (5.1.7) lib/action_dispatch/middleware/static.rb:125:in `call'
rack (2.0.7) lib/rack/sendfile.rb:111:in `call'
railties (5.1.7) lib/rails/engine.rb:522:in `call'
puma (3.12.1) lib/puma/configuration.rb:227:in `call'
puma (3.12.1) lib/puma/server.rb:660:in `handle_request'
puma (3.12.1) lib/puma/server.rb:474:in `process_client'
puma (3.12.1) lib/puma/server.rb:334:in `block in run'
puma (3.12.1) lib/puma/thread_pool.rb:135:in `block in spawn_thread'
Started GET "/users" for ::1 at 2019-10-20 21:18:12 -0400
  [1m[35m (0.5ms)[0m  [1m[34mSELECT "schema_migrations"."version" FROM "schema_migrations" ORDER BY "schema_migrations"."version" ASC[0m
  
SyntaxError (/Users/chelsea/Desktop/PokeMeme/api/app/controllers/users_controller.rb:1: syntax error, unexpected ']'
]class UsersController < Applic
 ^):
  
app/controllers/users_controller.rb:1: syntax error, unexpected ']'
Started GET "/users" for ::1 at 2019-10-20 21:18:44 -0400
  [1m[35m (40.2ms)[0m  [1m[34mSELECT "schema_migrations"."version" FROM "schema_migrations" ORDER BY "schema_migrations"."version" ASC[0m
Processing by UsersController#index as HTML
  [1m[36mUser Load (0.5ms)[0m  [1m[34mSELECT "users".* FROM "users"[0m
Completed 200 OK in 24ms (Views: 8.3ms | ActiveRecord: 5.3ms)


Started GET "/stations" for ::1 at 2019-10-20 21:18:52 -0400
Processing by StationsController#index as HTML
  [1m[36mStation Load (0.7ms)[0m  [1m[34mSELECT "stations".* FROM "stations"[0m
Completed 200 OK in 30ms (Views: 14.0ms | ActiveRecord: 11.6ms)


Started GET "/memes" for ::1 at 2019-10-20 21:18:56 -0400
Processing by MemesController#index as HTML
  [1m[36mMeme Load (0.4ms)[0m  [1m[34mSELECT "memes".* FROM "memes"[0m
Completed 200 OK in 21ms (Views: 11.4ms | ActiveRecord: 2.9ms)


